<?xml version="1.0" encoding="UTF-8"?>
<!-- Generated by org.testng.reporters.JUnitXMLReporter -->
<testsuite ignored="1" hostname="JAMOCHA30" failures="0" tests="3" name="Test" time="20.678" errors="0" timestamp="2023-11-16T14:39:30 IST">
  <testcase classname="test.EnableDiasbleChkInCud" name="enableDiasbleChkInCud" time="11.806"/>
  <testcase classname="test.Login" name="login" time="4.03"/>
  <testcase classname="test.Login" name="login" time="3.357"/>
  <testcase classname="test.BaseTest" name="@AfterTest teardown" time="0.0">
    <ignored/>
  </testcase> <!-- @AfterTest teardown -->
</testsuite> <!-- Test -->
