<?xml version="1.0" encoding="UTF-8"?>
<testng-results ignored="0" total="1" passed="1" failed="0" skipped="0">
  <reporter-output>
  </reporter-output>
  <suite started-at="2023-11-08T17:37:54 IST" name="Default suite" finished-at="2023-11-08T17:38:31 IST" duration-ms="37240">
    <groups>
    </groups>
    <test started-at="2023-11-08T17:37:54 IST" name="Default test" finished-at="2023-11-08T17:38:31 IST" duration-ms="37240">
      <class name="test.EnableDiasbleChkInCud">
        <test-method is-config="true" signature="browser()[pri:0, instance:test.EnableDiasbleChkInCud@1a6d8329]" started-at="2023-11-08T17:37:54 IST" name="browser" finished-at="2023-11-08T17:37:59 IST" duration-ms="5806" status="PASS">
          <reporter-output>
          </reporter-output>
        </test-method> <!-- browser -->
        <test-method signature="enableDiasbleChkInCud()[pri:0, instance:test.EnableDiasbleChkInCud@1a6d8329]" started-at="2023-11-08T17:37:59 IST" name="enableDiasbleChkInCud" finished-at="2023-11-08T17:38:31 IST" duration-ms="31373" status="PASS">
          <reporter-output>
          </reporter-output>
        </test-method> <!-- enableDiasbleChkInCud -->
      </class> <!-- test.EnableDiasbleChkInCud -->
    </test> <!-- Default test -->
  </suite> <!-- Default suite -->
</testng-results>
