<?xml version="1.0" encoding="UTF-8"?>
<testng-results ignored="0" total="1" passed="1" failed="0" skipped="0">
  <reporter-output>
  </reporter-output>
  <suite started-at="2023-11-07T14:12:29 IST" name="Default suite" finished-at="2023-11-07T14:12:47 IST" duration-ms="17506">
    <groups>
    </groups>
    <test started-at="2023-11-07T14:12:29 IST" name="Default test" finished-at="2023-11-07T14:12:47 IST" duration-ms="17506">
      <class name="test.EnableDiasbleChkInCud">
        <test-method is-config="true" signature="browser()[pri:0, instance:test.EnableDiasbleChkInCud@45099dd3]" started-at="2023-11-07T14:12:29 IST" name="browser" finished-at="2023-11-07T14:12:33 IST" duration-ms="4271" status="PASS">
          <reporter-output>
          </reporter-output>
        </test-method> <!-- browser -->
        <test-method signature="enableDiasbleChkInCud()[pri:0, instance:test.EnableDiasbleChkInCud@45099dd3]" started-at="2023-11-07T14:12:33 IST" name="enableDiasbleChkInCud" finished-at="2023-11-07T14:12:47 IST" duration-ms="13153" status="PASS">
          <reporter-output>
          </reporter-output>
        </test-method> <!-- enableDiasbleChkInCud -->
      </class> <!-- test.EnableDiasbleChkInCud -->
    </test> <!-- Default test -->
  </suite> <!-- Default suite -->
</testng-results>
